<?xml version="1.0" encoding="UTF-8"?>
<testsuite name="reqres.ApiTest" tests="1" skipped="0" failures="0" errors="0" timestamp="2023-07-22T13:59:59" hostname="LAPTOP-DAAEQ1TT" time="1.723">
  <properties/>
  <testcase name="singleUserReqres()" classname="reqres.ApiTest" time="1.723"/>
  <system-out><![CDATA[Request URI:	https://reqres.in/api/users/2
Request method:	GET
Body:			<none>
HTTP/1.1 200 OK
{
    "data": {
        "id": 2,
        "email": "janet.weaver@reqres.in",
        "first_name": "Janet",
        "last_name": "Weaver",
        "avatar": "https://reqres.in/img/faces/2-image.jpg"
    },
    "support": {
        "url": "https://reqres.in/#support-heading",
        "text": "To keep ReqRes free, contributions towards server costs are appreciated!"
    }
}
]]></system-out>
  <system-err><![CDATA[]]></system-err>
</testsuite>
