<?xml version="1.0" encoding="UTF-8"?>
<testsuite name="reqres.ApiTest" tests="1" skipped="0" failures="0" errors="0" timestamp="2023-07-22T13:19:02" hostname="LAPTOP-DAAEQ1TT" time="1.927">
  <properties/>
  <testcase name="putUserInReqres()" classname="reqres.ApiTest" time="1.927"/>
  <system-out><![CDATA[Request URI:	https://reqres.in/api/users/2
Body:
{
    "name": "morpheus",
    "job": "zion resident"
}
Request method:	PUT
HTTP/1.1 200 OK
]]></system-out>
  <system-err><![CDATA[]]></system-err>
</testsuite>
